2023-10-23 21:28:01.588 [main] INFO  cn.edu.xmu.javaee.goodsdemo.GoodsDemoApplication - Starting GoodsDemoApplication using Java 19.0.2 on LAPTOP-CT2FKKOR with PID 32200 (D:\大四上\JavaEE\ProjectOMALL\JavaEEPlatform\5.MyBatis\goodsdemo\out\artifacts\goodsdemo_jar\goodsdemo.jar started by 崔方博 in D:\大四上\JavaEE\ProjectOMALL\JavaEEPlatform\5.MyBatis\goodsdemo\out\artifacts\goodsdemo_jar)
2023-10-23 21:28:01.593 [main] INFO  cn.edu.xmu.javaee.goodsdemo.GoodsDemoApplication - No active profile set, falling back to 1 default profile: "default"
2023-10-23 21:28:02.917 [main] WARN  o.s.c.a.AnnotationConfigApplicationContext - Exception encountered during context initialization - cancelling refresh attempt: org.springframework.beans.factory.UnsatisfiedDependencyException: Error creating bean with name 'adminProductController' defined in URL [jar:file:/D:/%e5%a4%a7%e5%9b%9b%e4%b8%8a/JavaEE/ProjectOMALL/JavaEEPlatform/5.MyBatis/goodsdemo/out/artifacts/goodsdemo_jar/goodsdemo.jar!/cn/edu/xmu/javaee/goodsdemo/controller/AdminProductController.class]: Unsatisfied dependency expressed through constructor parameter 0; nested exception is org.springframework.beans.factory.UnsatisfiedDependencyException: Error creating bean with name 'productService' defined in URL [jar:file:/D:/%e5%a4%a7%e5%9b%9b%e4%b8%8a/JavaEE/ProjectOMALL/JavaEEPlatform/5.MyBatis/goodsdemo/out/artifacts/goodsdemo_jar/goodsdemo.jar!/cn/edu/xmu/javaee/goodsdemo/service/ProductService.class]: Unsatisfied dependency expressed through constructor parameter 0; nested exception is org.springframework.beans.factory.UnsatisfiedDependencyException: Error creating bean with name 'productDao' defined in URL [jar:file:/D:/%e5%a4%a7%e5%9b%9b%e4%b8%8a/JavaEE/ProjectOMALL/JavaEEPlatform/5.MyBatis/goodsdemo/out/artifacts/goodsdemo_jar/goodsdemo.jar!/cn/edu/xmu/javaee/goodsdemo/dao/ProductDao.class]: Unsatisfied dependency expressed through constructor parameter 0; nested exception is org.springframework.beans.factory.BeanCreationException: Error creating bean with name 'productPoMapper' defined in URL [jar:file:/D:/%e5%a4%a7%e5%9b%9b%e4%b8%8a/JavaEE/ProjectOMALL/JavaEEPlatform/5.MyBatis/goodsdemo/out/artifacts/goodsdemo_jar/goodsdemo.jar!/cn/edu/xmu/javaee/goodsdemo/mapper/generator/ProductPoMapper.class]: Invocation of init method failed; nested exception is java.lang.IllegalArgumentException: Property 'sqlSessionFactory' or 'sqlSessionTemplate' are required
2023-10-23 21:28:02.926 [main] ERROR org.springframework.boot.SpringApplication - Application run failed
org.springframework.beans.factory.UnsatisfiedDependencyException: Error creating bean with name 'adminProductController' defined in URL [jar:file:/D:/%e5%a4%a7%e5%9b%9b%e4%b8%8a/JavaEE/ProjectOMALL/JavaEEPlatform/5.MyBatis/goodsdemo/out/artifacts/goodsdemo_jar/goodsdemo.jar!/cn/edu/xmu/javaee/goodsdemo/controller/AdminProductController.class]: Unsatisfied dependency expressed through constructor parameter 0; nested exception is org.springframework.beans.factory.UnsatisfiedDependencyException: Error creating bean with name 'productService' defined in URL [jar:file:/D:/%e5%a4%a7%e5%9b%9b%e4%b8%8a/JavaEE/ProjectOMALL/JavaEEPlatform/5.MyBatis/goodsdemo/out/artifacts/goodsdemo_jar/goodsdemo.jar!/cn/edu/xmu/javaee/goodsdemo/service/ProductService.class]: Unsatisfied dependency expressed through constructor parameter 0; nested exception is org.springframework.beans.factory.UnsatisfiedDependencyException: Error creating bean with name 'productDao' defined in URL [jar:file:/D:/%e5%a4%a7%e5%9b%9b%e4%b8%8a/JavaEE/ProjectOMALL/JavaEEPlatform/5.MyBatis/goodsdemo/out/artifacts/goodsdemo_jar/goodsdemo.jar!/cn/edu/xmu/javaee/goodsdemo/dao/ProductDao.class]: Unsatisfied dependency expressed through constructor parameter 0; nested exception is org.springframework.beans.factory.BeanCreationException: Error creating bean with name 'productPoMapper' defined in URL [jar:file:/D:/%e5%a4%a7%e5%9b%9b%e4%b8%8a/JavaEE/ProjectOMALL/JavaEEPlatform/5.MyBatis/goodsdemo/out/artifacts/goodsdemo_jar/goodsdemo.jar!/cn/edu/xmu/javaee/goodsdemo/mapper/generator/ProductPoMapper.class]: Invocation of init method failed; nested exception is java.lang.IllegalArgumentException: Property 'sqlSessionFactory' or 'sqlSessionTemplate' are required
	at org.springframework.beans.factory.support.ConstructorResolver.createArgumentArray(ConstructorResolver.java:800)
	at org.springframework.beans.factory.support.ConstructorResolver.autowireConstructor(ConstructorResolver.java:229)
	at org.springframework.beans.factory.support.AbstractAutowireCapableBeanFactory.autowireConstructor(AbstractAutowireCapableBeanFactory.java:1372)
	at org.springframework.beans.factory.support.AbstractAutowireCapableBeanFactory.createBeanInstance(AbstractAutowireCapableBeanFactory.java:1222)
	at org.springframework.beans.factory.support.AbstractAutowireCapableBeanFactory.doCreateBean(AbstractAutowireCapableBeanFactory.java:582)
	at org.springframework.beans.factory.support.AbstractAutowireCapableBeanFactory.createBean(AbstractAutowireCapableBeanFactory.java:542)
	at org.springframework.beans.factory.support.AbstractBeanFactory.lambda$doGetBean$0(AbstractBeanFactory.java:335)
	at org.springframework.beans.factory.support.DefaultSingletonBeanRegistry.getSingleton(DefaultSingletonBeanRegistry.java:234)
	at org.springframework.beans.factory.support.AbstractBeanFactory.doGetBean(AbstractBeanFactory.java:333)
	at org.springframework.beans.factory.support.AbstractBeanFactory.getBean(AbstractBeanFactory.java:208)
	at org.springframework.beans.factory.support.DefaultListableBeanFactory.preInstantiateSingletons(DefaultListableBeanFactory.java:955)
	at org.springframework.context.support.AbstractApplicationContext.finishBeanFactoryInitialization(AbstractApplicationContext.java:918)
	at org.springframework.context.support.AbstractApplicationContext.refresh(AbstractApplicationContext.java:583)
	at org.springframework.boot.SpringApplication.refresh(SpringApplication.java:734)
	at org.springframework.boot.SpringApplication.refreshContext(SpringApplication.java:408)
	at org.springframework.boot.SpringApplication.run(SpringApplication.java:308)
	at org.springframework.boot.SpringApplication.run(SpringApplication.java:1306)
	at org.springframework.boot.SpringApplication.run(SpringApplication.java:1295)
	at cn.edu.xmu.javaee.goodsdemo.GoodsDemoApplication.main(GoodsDemoApplication.java:12)
Caused by: org.springframework.beans.factory.UnsatisfiedDependencyException: Error creating bean with name 'productService' defined in URL [jar:file:/D:/%e5%a4%a7%e5%9b%9b%e4%b8%8a/JavaEE/ProjectOMALL/JavaEEPlatform/5.MyBatis/goodsdemo/out/artifacts/goodsdemo_jar/goodsdemo.jar!/cn/edu/xmu/javaee/goodsdemo/service/ProductService.class]: Unsatisfied dependency expressed through constructor parameter 0; nested exception is org.springframework.beans.factory.UnsatisfiedDependencyException: Error creating bean with name 'productDao' defined in URL [jar:file:/D:/%e5%a4%a7%e5%9b%9b%e4%b8%8a/JavaEE/ProjectOMALL/JavaEEPlatform/5.MyBatis/goodsdemo/out/artifacts/goodsdemo_jar/goodsdemo.jar!/cn/edu/xmu/javaee/goodsdemo/dao/ProductDao.class]: Unsatisfied dependency expressed through constructor parameter 0; nested exception is org.springframework.beans.factory.BeanCreationException: Error creating bean with name 'productPoMapper' defined in URL [jar:file:/D:/%e5%a4%a7%e5%9b%9b%e4%b8%8a/JavaEE/ProjectOMALL/JavaEEPlatform/5.MyBatis/goodsdemo/out/artifacts/goodsdemo_jar/goodsdemo.jar!/cn/edu/xmu/javaee/goodsdemo/mapper/generator/ProductPoMapper.class]: Invocation of init method failed; nested exception is java.lang.IllegalArgumentException: Property 'sqlSessionFactory' or 'sqlSessionTemplate' are required
	at org.springframework.beans.factory.support.ConstructorResolver.createArgumentArray(ConstructorResolver.java:800)
	at org.springframework.beans.factory.support.ConstructorResolver.autowireConstructor(ConstructorResolver.java:229)
	at org.springframework.beans.factory.support.AbstractAutowireCapableBeanFactory.autowireConstructor(AbstractAutowireCapableBeanFactory.java:1372)
	at org.springframework.beans.factory.support.AbstractAutowireCapableBeanFactory.createBeanInstance(AbstractAutowireCapableBeanFactory.java:1222)
	at org.springframework.beans.factory.support.AbstractAutowireCapableBeanFactory.doCreateBean(AbstractAutowireCapableBeanFactory.java:582)
	at org.springframework.beans.factory.support.AbstractAutowireCapableBeanFactory.createBean(AbstractAutowireCapableBeanFactory.java:542)
	at org.springframework.beans.factory.support.AbstractBeanFactory.lambda$doGetBean$0(AbstractBeanFactory.java:335)
	at org.springframework.beans.factory.support.DefaultSingletonBeanRegistry.getSingleton(DefaultSingletonBeanRegistry.java:234)
	at org.springframework.beans.factory.support.AbstractBeanFactory.doGetBean(AbstractBeanFactory.java:333)
	at org.springframework.beans.factory.support.AbstractBeanFactory.getBean(AbstractBeanFactory.java:208)
	at org.springframework.beans.factory.config.DependencyDescriptor.resolveCandidate(DependencyDescriptor.java:276)
	at org.springframework.beans.factory.support.DefaultListableBeanFactory.doResolveDependency(DefaultListableBeanFactory.java:1391)
	at org.springframework.beans.factory.support.DefaultListableBeanFactory.resolveDependency(DefaultListableBeanFactory.java:1311)
	at org.springframework.beans.factory.support.ConstructorResolver.resolveAutowiredArgument(ConstructorResolver.java:887)
	at org.springframework.beans.factory.support.ConstructorResolver.createArgumentArray(ConstructorResolver.java:791)
	... 18 common frames omitted
Caused by: org.springframework.beans.factory.UnsatisfiedDependencyException: Error creating bean with name 'productDao' defined in URL [jar:file:/D:/%e5%a4%a7%e5%9b%9b%e4%b8%8a/JavaEE/ProjectOMALL/JavaEEPlatform/5.MyBatis/goodsdemo/out/artifacts/goodsdemo_jar/goodsdemo.jar!/cn/edu/xmu/javaee/goodsdemo/dao/ProductDao.class]: Unsatisfied dependency expressed through constructor parameter 0; nested exception is org.springframework.beans.factory.BeanCreationException: Error creating bean with name 'productPoMapper' defined in URL [jar:file:/D:/%e5%a4%a7%e5%9b%9b%e4%b8%8a/JavaEE/ProjectOMALL/JavaEEPlatform/5.MyBatis/goodsdemo/out/artifacts/goodsdemo_jar/goodsdemo.jar!/cn/edu/xmu/javaee/goodsdemo/mapper/generator/ProductPoMapper.class]: Invocation of init method failed; nested exception is java.lang.IllegalArgumentException: Property 'sqlSessionFactory' or 'sqlSessionTemplate' are required
	at org.springframework.beans.factory.support.ConstructorResolver.createArgumentArray(ConstructorResolver.java:800)
	at org.springframework.beans.factory.support.ConstructorResolver.autowireConstructor(ConstructorResolver.java:229)
	at org.springframework.beans.factory.support.AbstractAutowireCapableBeanFactory.autowireConstructor(AbstractAutowireCapableBeanFactory.java:1372)
	at org.springframework.beans.factory.support.AbstractAutowireCapableBeanFactory.createBeanInstance(AbstractAutowireCapableBeanFactory.java:1222)
	at org.springframework.beans.factory.support.AbstractAutowireCapableBeanFactory.doCreateBean(AbstractAutowireCapableBeanFactory.java:582)
	at org.springframework.beans.factory.support.AbstractAutowireCapableBeanFactory.createBean(AbstractAutowireCapableBeanFactory.java:542)
	at org.springframework.beans.factory.support.AbstractBeanFactory.lambda$doGetBean$0(AbstractBeanFactory.java:335)
	at org.springframework.beans.factory.support.DefaultSingletonBeanRegistry.getSingleton(DefaultSingletonBeanRegistry.java:234)
	at org.springframework.beans.factory.support.AbstractBeanFactory.doGetBean(AbstractBeanFactory.java:333)
	at org.springframework.beans.factory.support.AbstractBeanFactory.getBean(AbstractBeanFactory.java:208)
	at org.springframework.beans.factory.config.DependencyDescriptor.resolveCandidate(DependencyDescriptor.java:276)
	at org.springframework.beans.factory.support.DefaultListableBeanFactory.doResolveDependency(DefaultListableBeanFactory.java:1391)
	at org.springframework.beans.factory.support.DefaultListableBeanFactory.resolveDependency(DefaultListableBeanFactory.java:1311)
	at org.springframework.beans.factory.support.ConstructorResolver.resolveAutowiredArgument(ConstructorResolver.java:887)
	at org.springframework.beans.factory.support.ConstructorResolver.createArgumentArray(ConstructorResolver.java:791)
	... 32 common frames omitted
Caused by: org.springframework.beans.factory.BeanCreationException: Error creating bean with name 'productPoMapper' defined in URL [jar:file:/D:/%e5%a4%a7%e5%9b%9b%e4%b8%8a/JavaEE/ProjectOMALL/JavaEEPlatform/5.MyBatis/goodsdemo/out/artifacts/goodsdemo_jar/goodsdemo.jar!/cn/edu/xmu/javaee/goodsdemo/mapper/generator/ProductPoMapper.class]: Invocation of init method failed; nested exception is java.lang.IllegalArgumentException: Property 'sqlSessionFactory' or 'sqlSessionTemplate' are required
	at org.springframework.beans.factory.support.AbstractAutowireCapableBeanFactory.initializeBean(AbstractAutowireCapableBeanFactory.java:1804)
	at org.springframework.beans.factory.support.AbstractAutowireCapableBeanFactory.doCreateBean(AbstractAutowireCapableBeanFactory.java:620)
	at org.springframework.beans.factory.support.AbstractAutowireCapableBeanFactory.createBean(AbstractAutowireCapableBeanFactory.java:542)
	at org.springframework.beans.factory.support.AbstractBeanFactory.lambda$doGetBean$0(AbstractBeanFactory.java:335)
	at org.springframework.beans.factory.support.DefaultSingletonBeanRegistry.getSingleton(DefaultSingletonBeanRegistry.java:234)
	at org.springframework.beans.factory.support.AbstractBeanFactory.doGetBean(AbstractBeanFactory.java:333)
	at org.springframework.beans.factory.support.AbstractBeanFactory.getBean(AbstractBeanFactory.java:208)
	at org.springframework.beans.factory.config.DependencyDescriptor.resolveCandidate(DependencyDescriptor.java:276)
	at org.springframework.beans.factory.support.DefaultListableBeanFactory.doResolveDependency(DefaultListableBeanFactory.java:1391)
	at org.springframework.beans.factory.support.DefaultListableBeanFactory.resolveDependency(DefaultListableBeanFactory.java:1311)
	at org.springframework.beans.factory.support.ConstructorResolver.resolveAutowiredArgument(ConstructorResolver.java:887)
	at org.springframework.beans.factory.support.ConstructorResolver.createArgumentArray(ConstructorResolver.java:791)
	... 46 common frames omitted
Caused by: java.lang.IllegalArgumentException: Property 'sqlSessionFactory' or 'sqlSessionTemplate' are required
	at org.springframework.util.Assert.notNull(Assert.java:201)
	at org.mybatis.spring.support.SqlSessionDaoSupport.checkDaoConfig(SqlSessionDaoSupport.java:122)
	at org.mybatis.spring.mapper.MapperFactoryBean.checkDaoConfig(MapperFactoryBean.java:73)
	at org.springframework.dao.support.DaoSupport.afterPropertiesSet(DaoSupport.java:44)
	at org.springframework.beans.factory.support.AbstractAutowireCapableBeanFactory.invokeInitMethods(AbstractAutowireCapableBeanFactory.java:1863)
	at org.springframework.beans.factory.support.AbstractAutowireCapableBeanFactory.initializeBean(AbstractAutowireCapableBeanFactory.java:1800)
	... 57 common frames omitted
